INFO:INIT:Start time: 15:02:16_31_Mar
INFO:INIT:
INFO:INIT:Loading test dataset...
INFO:INIT:Data: /rds/projects/c/chenlv-ai-and-chemistry/wuwj/FinalResult/code/utils/analyze/mole_cls_result/mol/mol_dataset.pt
INFO:INIT:Building dataloader...
INFO:INIT:test : 1 batches per epoch
INFO:INIT:Loading model: /rds/projects/c/chenlv-ai-and-chemistry/wuwj/FinalResult/2data_aug/sameTrainDataset/noise/alpha_5/train2/model/EPOCH_17.pt
INFO:Translate:mode: B | beam_width: 10 | n_best: 10
INFO:INIT:Start time: 15:04:24_31_Mar
INFO:INIT:
INFO:INIT:Loading test dataset...
INFO:INIT:Data: /rds/projects/c/chenlv-ai-and-chemistry/wuwj/FinalResult/code/utils/analyze/mole_cls_result/mol/mol_dataset.pt
INFO:INIT:Building dataloader...
INFO:INIT:test : 1 batches per epoch
INFO:INIT:Loading model: /rds/projects/c/chenlv-ai-and-chemistry/wuwj/FinalResult/2data_aug/sameTrainDataset/noise/alpha_5/train2/model/EPOCH_17.pt
INFO:Translate:mode: B | beam_width: 10 | n_best: 10
INFO:INIT:Start time: 15:05:02_31_Mar
INFO:INIT:
INFO:INIT:Loading test dataset...
INFO:INIT:Data: /rds/projects/c/chenlv-ai-and-chemistry/wuwj/FinalResult/code/utils/analyze/mole_cls_result/mol/mol_dataset.pt
INFO:INIT:Building dataloader...
INFO:INIT:test : 1 batches per epoch
INFO:INIT:Loading model: /rds/projects/c/chenlv-ai-and-chemistry/wuwj/FinalResult/2data_aug/sameTrainDataset/noise/alpha_5/train2/model/EPOCH_17.pt
INFO:Translate:mode: B | beam_width: 10 | n_best: 10
INFO:INIT:Start time: 15:05:33_31_Mar
INFO:INIT:
INFO:INIT:Loading test dataset...
INFO:INIT:Data: /rds/projects/c/chenlv-ai-and-chemistry/wuwj/FinalResult/code/utils/analyze/mole_cls_result/mol/mol_dataset.pt
INFO:INIT:Building dataloader...
INFO:INIT:test : 1 batches per epoch
INFO:INIT:Loading model: /rds/projects/c/chenlv-ai-and-chemistry/wuwj/FinalResult/2data_aug/sameTrainDataset/noise/alpha_5/train2/model/EPOCH_17.pt
INFO:Translate:mode: B | beam_width: 10 | n_best: 10
INFO:INIT:Start time: 15:06:35_31_Mar
INFO:INIT:
INFO:INIT:Loading test dataset...
INFO:INIT:Data: /rds/projects/c/chenlv-ai-and-chemistry/wuwj/FinalResult/code/utils/analyze/mole_cls_result/mol/mol_dataset.pt
INFO:INIT:Building dataloader...
INFO:INIT:test : 1 batches per epoch
INFO:INIT:Loading model: /rds/projects/c/chenlv-ai-and-chemistry/wuwj/FinalResult/2data_aug/sameTrainDataset/noise/alpha_5/train2/model/EPOCH_17.pt
INFO:Translate:mode: B | beam_width: 10 | n_best: 10
INFO:INIT:Start time: 15:06:50_31_Mar
INFO:INIT:
INFO:INIT:Loading test dataset...
INFO:INIT:Data: /rds/projects/c/chenlv-ai-and-chemistry/wuwj/FinalResult/code/utils/analyze/mole_cls_result/mol/mol_dataset.pt
INFO:INIT:Building dataloader...
INFO:INIT:test : 1 batches per epoch
INFO:INIT:Loading model: /rds/projects/c/chenlv-ai-and-chemistry/wuwj/FinalResult/2data_aug/sameTrainDataset/noise/alpha_5/train2/model/EPOCH_17.pt
INFO:Translate:mode: B | beam_width: 10 | n_best: 10
INFO:INIT:Start time: 15:07:17_31_Mar
INFO:INIT:
INFO:INIT:Loading test dataset...
INFO:INIT:Data: /rds/projects/c/chenlv-ai-and-chemistry/wuwj/FinalResult/code/utils/analyze/mole_cls_result/mol/mol_dataset.pt
INFO:INIT:Building dataloader...
INFO:INIT:test : 1 batches per epoch
INFO:INIT:Loading model: /rds/projects/c/chenlv-ai-and-chemistry/wuwj/FinalResult/2data_aug/sameTrainDataset/noise/alpha_5/train2/model/EPOCH_17.pt
INFO:Translate:mode: B | beam_width: 10 | n_best: 10
INFO:INIT:Start time: 10:56:44_01_Apr
INFO:INIT:
INFO:INIT:Loading test dataset...
INFO:INIT:Data: /rds/projects/c/chenlv-ai-and-chemistry/wuwj/FinalResult/code/utils/analyze/mole_cls_result/mol/mol_dataset.pt
INFO:INIT:Building dataloader...
INFO:INIT:test : 1 batches per epoch
INFO:INIT:Loading model: /rds/projects/c/chenlv-ai-and-chemistry/wuwj/FinalResult/2data_aug/sameTrainDataset/noise/alpha_5/train2/model/EPOCH_17.pt
INFO:Translate:mode: B | beam_width: 10 | n_best: 10
